<?xml version="1.0" encoding="UTF-8"?>
<testsuite name="MangoTreeTest" tests="2" skipped="0" failures="0" errors="0" timestamp="2021-05-25T12:13:44" hostname="LAPTOP-PPH4D9KA" time="0.016">
  <properties/>
  <testcase name="checkMangoIsFoundOrNot()" classname="MangoTreeTest" time="0.014"/>
  <testcase name="checkMangoTreeInFirstRowOrFirstColumnOrLastRow()" classname="MangoTreeTest" time="0.001"/>
  <system-out><![CDATA[]]></system-out>
  <system-err><![CDATA[]]></system-err>
</testsuite>
